2022-12-20 11:06:57 [main] INFO  log.Example.LogApplication - Starting LogApplication using Java 17.0.5 with PID 8932 (C:\Users\LENOVO\Downloads\log\log\target\classes started by LENOVO in C:\Users\LENOVO\Downloads\log\log)
2022-12-20 11:06:57 [main] INFO  log.Example.LogApplication - No active profile set, falling back to 1 default profile: "default"
2022-12-20 11:06:58 [main] INFO  o.s.b.w.e.tomcat.TomcatWebServer - Tomcat initialized with port(s): 8080 (http)
2022-12-20 11:06:58 [main] INFO  o.a.catalina.core.StandardService - Starting service [Tomcat]
2022-12-20 11:06:58 [main] INFO  o.a.catalina.core.StandardEngine - Starting Servlet engine: [Apache Tomcat/10.1.1]
2022-12-20 11:06:58 [main] INFO  o.a.c.c.C.[Tomcat].[localhost].[/] - Initializing Spring embedded WebApplicationContext
2022-12-20 11:06:58 [main] INFO  o.s.b.w.s.c.ServletWebServerApplicationContext - Root WebApplicationContext: initialization completed in 717 ms
2022-12-20 11:06:58 [main] INFO  o.s.b.w.e.tomcat.TomcatWebServer - Tomcat started on port(s): 8080 (http) with context path ''
2022-12-20 11:06:58 [main] INFO  log.Example.LogApplication - Started LogApplication in 1.448 seconds (process running for 2.054)
2022-12-20 11:07:07 [http-nio-8080-exec-1] INFO  o.a.c.c.C.[Tomcat].[localhost].[/] - Initializing Spring DispatcherServlet 'dispatcherServlet'
2022-12-20 11:07:07 [http-nio-8080-exec-1] INFO  o.s.web.servlet.DispatcherServlet - Initializing Servlet 'dispatcherServlet'
2022-12-20 11:07:07 [http-nio-8080-exec-1] INFO  o.s.web.servlet.DispatcherServlet - Completed initialization in 1 ms
2022-12-20 11:07:19 [RMI TCP Connection(2)-127.0.0.1] INFO  o.s.b.a.SpringApplicationAdminMXBeanRegistrar$SpringApplicationAdmin - Application shutdown requested.
2022-12-20 11:07:19 [RMI TCP Connection(2)-127.0.0.1] INFO  o.a.catalina.core.StandardService - Stopping service [Tomcat]
2022-12-20 11:07:19 [RMI TCP Connection(2)-127.0.0.1] INFO  o.a.c.c.C.[Tomcat].[localhost].[/] - Destroying Spring FrameworkServlet 'dispatcherServlet'
2022-12-20 11:07:21 [main] INFO  log.Example.LogApplication - Starting LogApplication using Java 17.0.5 with PID 7920 (C:\Users\LENOVO\Downloads\log\log\target\classes started by LENOVO in C:\Users\LENOVO\Downloads\log\log)
2022-12-20 11:07:21 [main] INFO  log.Example.LogApplication - No active profile set, falling back to 1 default profile: "default"
2022-12-20 11:07:22 [main] INFO  o.s.b.w.e.tomcat.TomcatWebServer - Tomcat initialized with port(s): 8080 (http)
2022-12-20 11:07:22 [main] INFO  o.a.catalina.core.StandardService - Starting service [Tomcat]
2022-12-20 11:07:22 [main] INFO  o.a.catalina.core.StandardEngine - Starting Servlet engine: [Apache Tomcat/10.1.1]
2022-12-20 11:07:22 [main] INFO  o.a.c.c.C.[Tomcat].[localhost].[/] - Initializing Spring embedded WebApplicationContext
2022-12-20 11:07:22 [main] INFO  o.s.b.w.s.c.ServletWebServerApplicationContext - Root WebApplicationContext: initialization completed in 718 ms
2022-12-20 11:07:22 [main] INFO  o.s.b.w.e.tomcat.TomcatWebServer - Tomcat started on port(s): 8080 (http) with context path ''
2022-12-20 11:07:22 [main] INFO  log.Example.LogApplication - Started LogApplication in 1.466 seconds (process running for 2.106)
2022-12-20 11:07:27 [http-nio-8080-exec-1] INFO  o.a.c.c.C.[Tomcat].[localhost].[/] - Initializing Spring DispatcherServlet 'dispatcherServlet'
2022-12-20 11:07:27 [http-nio-8080-exec-1] INFO  o.s.web.servlet.DispatcherServlet - Initializing Servlet 'dispatcherServlet'
2022-12-20 11:07:27 [http-nio-8080-exec-1] INFO  o.s.web.servlet.DispatcherServlet - Completed initialization in 0 ms
2022-12-20 11:07:27 [http-nio-8080-exec-1] ERROR log.Example.LogApplication - error log
2022-12-20 11:10:27 [RMI TCP Connection(5)-127.0.0.1] INFO  o.s.b.a.SpringApplicationAdminMXBeanRegistrar$SpringApplicationAdmin - Application shutdown requested.
2022-12-20 11:10:27 [RMI TCP Connection(5)-127.0.0.1] INFO  o.a.catalina.core.StandardService - Stopping service [Tomcat]
2022-12-20 11:10:27 [RMI TCP Connection(5)-127.0.0.1] INFO  o.a.c.c.C.[Tomcat].[localhost].[/] - Destroying Spring FrameworkServlet 'dispatcherServlet'
